  main.cpp
main.obj : error LNK2019: símbolo externo "__declspec(dllimport) public: __cdecl sf::String::String(char const *,class std::locale const &)" (__imp_??0String@sf@@QEAA@PEBDAEBVlocale@std@@@Z) sin resolver al que se hace referencia en la función main
main.obj : error LNK2019: símbolo externo "__declspec(dllimport) public: __cdecl sf::String::~String(void)" (__imp_??1String@sf@@QEAA@XZ) sin resolver al que se hace referencia en la función main
main.obj : error LNK2019: símbolo externo "__declspec(dllimport) public: __cdecl sf::VideoMode::VideoMode(unsigned int,unsigned int,unsigned int)" (__imp_??0VideoMode@sf@@QEAA@III@Z) sin resolver al que se hace referencia en la función main
main.obj : error LNK2019: símbolo externo "__declspec(dllimport) public: bool __cdecl sf::WindowBase::isOpen(void)const " (__imp_?isOpen@WindowBase@sf@@QEBA_NXZ) sin resolver al que se hace referencia en la función main
main.obj : error LNK2019: símbolo externo "__declspec(dllimport) public: bool __cdecl sf::WindowBase::pollEvent(class sf::Event &)" (__imp_?pollEvent@WindowBase@sf@@QEAA_NAEAVEvent@2@@Z) sin resolver al que se hace referencia en la función main
main.obj : error LNK2019: símbolo externo "__declspec(dllimport) public: virtual void __cdecl sf::Window::close(void)" (__imp_?close@Window@sf@@UEAAXXZ) sin resolver al que se hace referencia en la función main
main.obj : error LNK2019: símbolo externo "__declspec(dllimport) public: void __cdecl sf::Window::display(void)" (__imp_?display@Window@sf@@QEAAXXZ) sin resolver al que se hace referencia en la función main
main.obj : error LNK2019: símbolo externo "__declspec(dllimport) public: __cdecl sf::Color::Color(unsigned char,unsigned char,unsigned char,unsigned char)" (__imp_??0Color@sf@@QEAA@EEEE@Z) sin resolver al que se hace referencia en la función main
main.obj : error LNK2019: símbolo externo "__declspec(dllimport) public: void __cdecl sf::Shape::setFillColor(class sf::Color const &)" (__imp_?setFillColor@Shape@sf@@QEAAXAEBVColor@2@@Z) sin resolver al que se hace referencia en la función main
main.obj : error LNK2019: símbolo externo "__declspec(dllimport) public: __cdecl sf::CircleShape::CircleShape(float,unsigned __int64)" (__imp_??0CircleShape@sf@@QEAA@M_K@Z) sin resolver al que se hace referencia en la función main
main.obj : error LNK2019: símbolo externo "__declspec(dllimport) public: virtual __cdecl sf::CircleShape::~CircleShape(void)" (__imp_??1CircleShape@sf@@UEAA@XZ) sin resolver al que se hace referencia en la función main
main.obj : error LNK2019: símbolo externo "__declspec(dllimport) public: void __cdecl sf::RenderTarget::clear(class sf::Color const &)" (__imp_?clear@RenderTarget@sf@@QEAAXAEBVColor@2@@Z) sin resolver al que se hace referencia en la función main
main.obj : error LNK2019: símbolo externo "__declspec(dllimport) public: void __cdecl sf::RenderTarget::draw(class sf::Drawable const &,class sf::RenderStates const &)" (__imp_?draw@RenderTarget@sf@@QEAAXAEBVDrawable@2@AEBVRenderStates@2@@Z) sin resolver al que se hace referencia en la función main
main.obj : error LNK2019: símbolo externo "__declspec(dllimport) public: __cdecl sf::RenderWindow::RenderWindow(class sf::VideoMode,class sf::String const &,unsigned int,struct sf::ContextSettings const &)" (__imp_??0RenderWindow@sf@@QEAA@VVideoMode@1@AEBVString@1@IAEBUContextSettings@1@@Z) sin resolver al que se hace referencia en la función main
main.obj : error LNK2019: símbolo externo "__declspec(dllimport) public: virtual __cdecl sf::RenderWindow::~RenderWindow(void)" (__imp_??1RenderWindow@sf@@UEAA@XZ) sin resolver al que se hace referencia en la función main
main.obj : error LNK2019: símbolo externo "__declspec(dllimport) public: static class sf::RenderStates const sf::RenderStates::Default" (__imp_?Default@RenderStates@sf@@2V12@B) sin resolver al que se hace referencia en la función main
main.obj : error LNK2019: símbolo externo "__declspec(dllimport) public: static class sf::Color const sf::Color::Green" (__imp_?Green@Color@sf@@2V12@B) sin resolver al que se hace referencia en la función main
C:\Users\Aula 1\Desktop\Laboratorio\SFML\libs\debug\sfml-window-d.lib : warning LNK4272: el tipo de máquina de biblioteca 'x86' está en conflicto con el tipo de máquina de destino 'x64'
C:\Users\Aula 1\Desktop\Laboratorio\SFML\libs\debug\sfml-network-d.lib : warning LNK4272: el tipo de máquina de biblioteca 'x86' está en conflicto con el tipo de máquina de destino 'x64'
C:\Users\Aula 1\Desktop\Laboratorio\SFML\libs\debug\sfml-main-d.lib : warning LNK4272: el tipo de máquina de biblioteca 'x86' está en conflicto con el tipo de máquina de destino 'x64'
C:\Users\Aula 1\Desktop\Laboratorio\SFML\libs\debug\sfml-graphics-d.lib : warning LNK4272: el tipo de máquina de biblioteca 'x86' está en conflicto con el tipo de máquina de destino 'x64'
C:\Users\Aula 1\Desktop\Laboratorio\SFML\libs\debug\sfml-audio-d.lib : warning LNK4272: el tipo de máquina de biblioteca 'x86' está en conflicto con el tipo de máquina de destino 'x64'
C:\Users\Aula 1\Desktop\Laboratorio\SFML\libs\dependencies\flac.lib : warning LNK4272: el tipo de máquina de biblioteca 'x86' está en conflicto con el tipo de máquina de destino 'x64'
C:\Users\Aula 1\Desktop\Laboratorio\SFML\libs\dependencies\freetype.lib : warning LNK4272: el tipo de máquina de biblioteca 'x86' está en conflicto con el tipo de máquina de destino 'x64'
C:\Users\Aula 1\Desktop\Laboratorio\SFML\libs\dependencies\ogg.lib : warning LNK4272: el tipo de máquina de biblioteca 'x86' está en conflicto con el tipo de máquina de destino 'x64'
C:\Users\Aula 1\Desktop\Laboratorio\SFML\libs\dependencies\openal32.lib : warning LNK4272: el tipo de máquina de biblioteca 'x86' está en conflicto con el tipo de máquina de destino 'x64'
C:\Users\Aula 1\Desktop\Laboratorio\SFML\libs\dependencies\vorbis.lib : warning LNK4272: el tipo de máquina de biblioteca 'x86' está en conflicto con el tipo de máquina de destino 'x64'
C:\Users\Aula 1\Desktop\Laboratorio\SFML\libs\dependencies\vorbisenc.lib : warning LNK4272: el tipo de máquina de biblioteca 'x86' está en conflicto con el tipo de máquina de destino 'x64'
C:\Users\Aula 1\Desktop\Laboratorio\SFML\libs\dependencies\vorbisfile.lib : warning LNK4272: el tipo de máquina de biblioteca 'x86' está en conflicto con el tipo de máquina de destino 'x64'
C:\Users\Aula 1\Desktop\Laboratorio\x64\Debug\Laboratorio.exe : fatal error LNK1120: 17 externos sin resolver
